14:24:11.296 [main] INFO  b.p.s.CatalogueServiceApplication - Starting CatalogueServiceApplication using Java 17.0.1 with PID 36236 (C:\Users\lenne\fullstack_java\2dezit-LennertLinsen\2de-zit-LennertLinsen\backend-java\E-Commerce\catalogue-service\target\classes started by lenne in C:\Users\lenne\fullstack_java\2dezit-LennertLinsen\2de-zit-LennertLinsen\backend-java\E-Commerce)
14:24:11.296 [main] INFO  b.p.s.CatalogueServiceApplication - Starting CatalogueServiceApplication using Java 17.0.1 with PID 36236 (C:\Users\lenne\fullstack_java\2dezit-LennertLinsen\2de-zit-LennertLinsen\backend-java\E-Commerce\catalogue-service\target\classes started by lenne in C:\Users\lenne\fullstack_java\2dezit-LennertLinsen\2de-zit-LennertLinsen\backend-java\E-Commerce)
14:24:11.307 [main] INFO  b.p.s.CatalogueServiceApplication - No active profile set, falling back to 1 default profile: "default"
14:24:11.307 [main] INFO  b.p.s.CatalogueServiceApplication - No active profile set, falling back to 1 default profile: "default"
14:24:11.366 [main] INFO  o.s.c.c.c.ConfigServerConfigDataLoader - Fetching config from server at : http://localhost:8088/
14:24:11.366 [main] INFO  o.s.c.c.c.ConfigServerConfigDataLoader - Located environment: name=catalogue-service, profiles=[default], label=null, version=null, state=null
14:24:12.902 [main] INFO  o.s.d.r.c.RepositoryConfigurationDelegate - Bootstrapping Spring Data JPA repositories in DEFAULT mode.
14:24:13.110 [main] INFO  o.s.d.r.c.RepositoryConfigurationDelegate - Finished Spring Data repository scanning in 195 ms. Found 2 JPA repository interfaces.
14:24:13.584 [main] INFO  o.s.cloud.context.scope.GenericScope - BeanFactory id=27abb344-31af-39be-a9ed-722464babaa5
14:24:14.129 [main] INFO  o.s.b.w.e.tomcat.TomcatWebServer - Tomcat initialized with port(s): 8082 (http)
14:24:14.139 [main] INFO  o.a.coyote.http11.Http11NioProtocol - Initializing ProtocolHandler ["http-nio-8082"]
14:24:14.141 [main] INFO  o.a.catalina.core.StandardService - Starting service [Tomcat]
14:24:14.141 [main] INFO  o.a.catalina.core.StandardEngine - Starting Servlet engine: [Apache Tomcat/10.1.13]
14:24:14.292 [main] INFO  o.a.c.c.C.[Tomcat].[localhost].[/] - Initializing Spring embedded WebApplicationContext
14:24:14.292 [main] INFO  o.s.b.w.s.c.ServletWebServerApplicationContext - Root WebApplicationContext: initialization completed in 2924 ms
14:24:14.533 [main] INFO  o.h.jpa.internal.util.LogHelper - HHH000204: Processing PersistenceUnitInfo [name: default]
14:24:14.653 [main] INFO  org.hibernate.Version - HHH000412: Hibernate ORM core version 6.2.9.Final
14:24:14.655 [main] INFO  org.hibernate.cfg.Environment - HHH000406: Using bytecode reflection optimizer
14:24:14.954 [main] INFO  o.h.b.i.BytecodeProviderInitiator - HHH000021: Bytecode provider name : bytebuddy
14:24:15.299 [main] INFO  o.s.o.j.p.SpringPersistenceUnitInfo - No LoadTimeWeaver setup: ignoring JPA class transformer
14:24:15.323 [main] INFO  com.zaxxer.hikari.HikariDataSource - HikariPool-1 - Starting...
14:24:15.559 [main] INFO  com.zaxxer.hikari.pool.HikariPool - HikariPool-1 - Added connection com.mysql.cj.jdbc.ConnectionImpl@2f262474
14:24:15.562 [main] INFO  com.zaxxer.hikari.HikariDataSource - HikariPool-1 - Start completed.
14:24:15.624 [main] WARN  org.hibernate.orm.deprecation - HHH90000026: MySQL8Dialect has been deprecated; use org.hibernate.dialect.MySQLDialect instead
14:24:16.175 [main] INFO  o.h.b.i.BytecodeProviderInitiator - HHH000021: Bytecode provider name : bytebuddy
14:24:17.295 [main] INFO  o.h.e.t.j.p.i.JtaPlatformInitiator - HHH000490: Using JtaPlatform implementation: [org.hibernate.engine.transaction.jta.platform.internal.NoJtaPlatform]
14:24:17.491 [main] INFO  o.s.o.j.LocalContainerEntityManagerFactoryBean - Initialized JPA EntityManagerFactory for persistence unit 'default'
14:24:18.080 [main] WARN  o.s.b.a.o.j.JpaBaseConfiguration$JpaWebConfiguration - spring.jpa.open-in-view is enabled by default. Therefore, database queries may be performed during view rendering. Explicitly configure spring.jpa.open-in-view to disable this warning
14:24:20.752 [main] INFO  o.s.cloud.commons.util.InetUtils - Cannot determine local hostname
14:24:20.798 [main] INFO  o.s.c.n.e.c.DiscoveryClientOptionalArgsConfiguration - Eureka HTTP Client uses RestTemplate.
14:24:22.554 [main] INFO  o.s.cloud.commons.util.InetUtils - Cannot determine local hostname
14:24:22.645 [main] WARN  o.s.c.l.c.LoadBalancerCacheAutoConfiguration$LoadBalancerCaffeineWarnLogger - Spring Cloud LoadBalancer is currently working with the default cache. While this cache implementation is useful for development and tests, it's recommended to use Caffeine cache in production.You can switch to using Caffeine cache, by adding it and org.springframework.cache.caffeine.CaffeineCacheManager to the classpath.
14:24:22.705 [main] WARN  o.s.c.LocalVariableTableParameterNameDiscoverer - Using deprecated '-debug' fallback for parameter name resolution. Compile the affected code with '-parameters' instead or avoid its introspection: org.springframework.amqp.rabbit.core.RabbitAdmin
14:24:22.852 [main] INFO  o.s.c.n.eureka.InstanceInfoFactory - Setting initial instance status as: STARTING
14:24:22.953 [main] INFO  c.netflix.discovery.DiscoveryClient - Initializing Eureka in region us-east-1
14:24:22.961 [main] INFO  c.n.d.s.r.aws.ConfigClusterResolver - Resolving eureka endpoints via configuration
14:24:23.009 [main] INFO  c.netflix.discovery.DiscoveryClient - Disable delta property : false
14:24:23.009 [main] INFO  c.netflix.discovery.DiscoveryClient - Single vip registry refresh property : null
14:24:23.010 [main] INFO  c.netflix.discovery.DiscoveryClient - Force full registry fetch : false
14:24:23.010 [main] INFO  c.netflix.discovery.DiscoveryClient - Application is null : false
14:24:23.010 [main] INFO  c.netflix.discovery.DiscoveryClient - Registered Applications size is zero : true
14:24:23.010 [main] INFO  c.netflix.discovery.DiscoveryClient - Application version is -1: true
14:24:23.010 [main] INFO  c.netflix.discovery.DiscoveryClient - Getting all instance registry info from the eureka server
14:24:23.675 [main] INFO  c.netflix.discovery.DiscoveryClient - The response status is 200
14:24:23.689 [main] INFO  c.netflix.discovery.DiscoveryClient - Starting heartbeat executor: renew interval is: 30
14:24:23.704 [main] INFO  c.n.discovery.InstanceInfoReplicator - InstanceInfoReplicator onDemand update allowed rate per min is 4
14:24:23.738 [main] INFO  c.netflix.discovery.DiscoveryClient - Discovery Client initialized at timestamp 1725452663737 with initial instances count: 1
14:24:23.774 [main] INFO  o.s.c.n.e.s.EurekaServiceRegistry - Registering application CATALOGUE-SERVICE with eureka with status UP
14:24:23.778 [main] INFO  c.netflix.discovery.DiscoveryClient - Saw local status change event StatusChangeEvent [timestamp=1725452663778, current=UP, previous=STARTING]
14:24:23.788 [DiscoveryClient-InstanceInfoReplicator-0] INFO  c.netflix.discovery.DiscoveryClient - DiscoveryClient_CATALOGUE-SERVICE/localhost:catalogue-service:8082: registering service...
14:24:23.789 [main] INFO  o.a.coyote.http11.Http11NioProtocol - Starting ProtocolHandler ["http-nio-8082"]
14:24:23.844 [main] INFO  o.s.b.w.e.tomcat.TomcatWebServer - Tomcat started on port(s): 8082 (http) with context path ''
14:24:23.847 [main] INFO  o.s.c.n.e.s.EurekaAutoServiceRegistration - Updating port to 8082
14:24:23.888 [DiscoveryClient-InstanceInfoReplicator-0] INFO  c.netflix.discovery.DiscoveryClient - DiscoveryClient_CATALOGUE-SERVICE/localhost:catalogue-service:8082 - registration status: 204
14:24:25.452 [main] INFO  o.s.cloud.commons.util.InetUtils - Cannot determine local hostname
14:24:25.455 [main] INFO  o.s.a.r.c.CachingConnectionFactory - Attempting to connect to: [localhost:5672]
14:24:25.561 [main] INFO  o.s.a.r.c.CachingConnectionFactory - Created new connection: rabbitConnectionFactory#81f9b01:0/SimpleConnection@18e0f894 [delegate=amqp://guest@127.0.0.1:5672/, localPort=49321]
14:24:25.614 [org.springframework.amqp.rabbit.RabbitListenerEndpointContainer#0-1] WARN  o.s.a.r.l.BlockingQueueConsumer - Failed to declare queue: products-queue
14:24:25.615 [org.springframework.amqp.rabbit.RabbitListenerEndpointContainer#0-1] WARN  o.s.a.r.l.BlockingQueueConsumer - Queue declaration failed; retries left=3
org.springframework.amqp.rabbit.listener.BlockingQueueConsumer$DeclarationException: Failed to declare queue(s):[products-queue]
	at org.springframework.amqp.rabbit.listener.BlockingQueueConsumer.attemptPassiveDeclarations(BlockingQueueConsumer.java:760)
	at org.springframework.amqp.rabbit.listener.BlockingQueueConsumer.passiveDeclarations(BlockingQueueConsumer.java:637)
	at org.springframework.amqp.rabbit.listener.BlockingQueueConsumer.start(BlockingQueueConsumer.java:624)
	at org.springframework.amqp.rabbit.listener.SimpleMessageListenerContainer$AsyncMessageProcessingConsumer.initialize(SimpleMessageListenerContainer.java:1382)
	at org.springframework.amqp.rabbit.listener.SimpleMessageListenerContainer$AsyncMessageProcessingConsumer.run(SimpleMessageListenerContainer.java:1223)
	at java.base/java.lang.Thread.run(Thread.java:833)
Caused by: java.io.IOException: null
	at com.rabbitmq.client.impl.AMQChannel.wrap(AMQChannel.java:132)
	at com.rabbitmq.client.impl.AMQChannel.wrap(AMQChannel.java:128)
	at com.rabbitmq.client.impl.AMQChannel.exnWrappingRpc(AMQChannel.java:150)
	at com.rabbitmq.client.impl.ChannelN.queueDeclarePassive(ChannelN.java:1012)
	at com.rabbitmq.client.impl.ChannelN.queueDeclarePassive(ChannelN.java:46)
	at java.base/jdk.internal.reflect.NativeMethodAccessorImpl.invoke0(Native Method)
	at java.base/jdk.internal.reflect.NativeMethodAccessorImpl.invoke(NativeMethodAccessorImpl.java:77)
	at java.base/jdk.internal.reflect.DelegatingMethodAccessorImpl.invoke(DelegatingMethodAccessorImpl.java:43)
	at java.base/java.lang.reflect.Method.invoke(Method.java:568)
	at org.springframework.amqp.rabbit.connection.CachingConnectionFactory$CachedChannelInvocationHandler.invoke(CachingConnectionFactory.java:1167)
	at jdk.proxy2/jdk.proxy2.$Proxy160.queueDeclarePassive(Unknown Source)
	at org.springframework.amqp.rabbit.listener.BlockingQueueConsumer.attemptPassiveDeclarations(BlockingQueueConsumer.java:738)
	... 5 common frames omitted
Caused by: com.rabbitmq.client.ShutdownSignalException: channel error; protocol method: #method<channel.close>(reply-code=404, reply-text=NOT_FOUND - no queue 'products-queue' in vhost '/', class-id=50, method-id=10)
	at com.rabbitmq.utility.ValueOrException.getValue(ValueOrException.java:66)
	at com.rabbitmq.utility.BlockingValueOrException.uninterruptibleGetValue(BlockingValueOrException.java:36)
	at com.rabbitmq.client.impl.AMQChannel$BlockingRpcContinuation.getReply(AMQChannel.java:505)
	at com.rabbitmq.client.impl.AMQChannel.privateRpc(AMQChannel.java:296)
	at com.rabbitmq.client.impl.AMQChannel.exnWrappingRpc(AMQChannel.java:144)
	... 14 common frames omitted
Caused by: com.rabbitmq.client.ShutdownSignalException: channel error; protocol method: #method<channel.close>(reply-code=404, reply-text=NOT_FOUND - no queue 'products-queue' in vhost '/', class-id=50, method-id=10)
	at com.rabbitmq.client.impl.ChannelN.asyncShutdown(ChannelN.java:517)
	at com.rabbitmq.client.impl.ChannelN.processAsync(ChannelN.java:341)
	at com.rabbitmq.client.impl.AMQChannel.handleCompleteInboundCommand(AMQChannel.java:185)
	at com.rabbitmq.client.impl.AMQChannel.handleFrame(AMQChannel.java:117)
	at com.rabbitmq.client.impl.AMQConnection.readFrame(AMQConnection.java:746)
	at com.rabbitmq.client.impl.AMQConnection.access$300(AMQConnection.java:47)
	at com.rabbitmq.client.impl.AMQConnection$MainLoop.run(AMQConnection.java:673)
	... 1 common frames omitted
14:24:30.632 [org.springframework.amqp.rabbit.RabbitListenerEndpointContainer#0-1] WARN  o.s.a.r.l.BlockingQueueConsumer - Failed to declare queue: products-queue
14:24:30.632 [org.springframework.amqp.rabbit.RabbitListenerEndpointContainer#0-1] WARN  o.s.a.r.l.BlockingQueueConsumer - Queue declaration failed; retries left=2
org.springframework.amqp.rabbit.listener.BlockingQueueConsumer$DeclarationException: Failed to declare queue(s):[products-queue]
	at org.springframework.amqp.rabbit.listener.BlockingQueueConsumer.attemptPassiveDeclarations(BlockingQueueConsumer.java:760)
	at org.springframework.amqp.rabbit.listener.BlockingQueueConsumer.passiveDeclarations(BlockingQueueConsumer.java:637)
	at org.springframework.amqp.rabbit.listener.BlockingQueueConsumer.start(BlockingQueueConsumer.java:624)
	at org.springframework.amqp.rabbit.listener.SimpleMessageListenerContainer$AsyncMessageProcessingConsumer.initialize(SimpleMessageListenerContainer.java:1382)
	at org.springframework.amqp.rabbit.listener.SimpleMessageListenerContainer$AsyncMessageProcessingConsumer.run(SimpleMessageListenerContainer.java:1223)
	at java.base/java.lang.Thread.run(Thread.java:833)
Caused by: java.io.IOException: null
	at com.rabbitmq.client.impl.AMQChannel.wrap(AMQChannel.java:132)
	at com.rabbitmq.client.impl.AMQChannel.wrap(AMQChannel.java:128)
	at com.rabbitmq.client.impl.AMQChannel.exnWrappingRpc(AMQChannel.java:150)
	at com.rabbitmq.client.impl.ChannelN.queueDeclarePassive(ChannelN.java:1012)
	at com.rabbitmq.client.impl.ChannelN.queueDeclarePassive(ChannelN.java:46)
	at java.base/jdk.internal.reflect.NativeMethodAccessorImpl.invoke0(Native Method)
	at java.base/jdk.internal.reflect.NativeMethodAccessorImpl.invoke(NativeMethodAccessorImpl.java:77)
	at java.base/jdk.internal.reflect.DelegatingMethodAccessorImpl.invoke(DelegatingMethodAccessorImpl.java:43)
	at java.base/java.lang.reflect.Method.invoke(Method.java:568)
	at org.springframework.amqp.rabbit.connection.CachingConnectionFactory$CachedChannelInvocationHandler.invoke(CachingConnectionFactory.java:1167)
	at jdk.proxy2/jdk.proxy2.$Proxy160.queueDeclarePassive(Unknown Source)
	at org.springframework.amqp.rabbit.listener.BlockingQueueConsumer.attemptPassiveDeclarations(BlockingQueueConsumer.java:738)
	... 5 common frames omitted
Caused by: com.rabbitmq.client.ShutdownSignalException: channel error; protocol method: #method<channel.close>(reply-code=404, reply-text=NOT_FOUND - no queue 'products-queue' in vhost '/', class-id=50, method-id=10)
	at com.rabbitmq.utility.ValueOrException.getValue(ValueOrException.java:66)
	at com.rabbitmq.utility.BlockingValueOrException.uninterruptibleGetValue(BlockingValueOrException.java:36)
	at com.rabbitmq.client.impl.AMQChannel$BlockingRpcContinuation.getReply(AMQChannel.java:505)
	at com.rabbitmq.client.impl.AMQChannel.privateRpc(AMQChannel.java:296)
	at com.rabbitmq.client.impl.AMQChannel.exnWrappingRpc(AMQChannel.java:144)
	... 14 common frames omitted
Caused by: com.rabbitmq.client.ShutdownSignalException: channel error; protocol method: #method<channel.close>(reply-code=404, reply-text=NOT_FOUND - no queue 'products-queue' in vhost '/', class-id=50, method-id=10)
	at com.rabbitmq.client.impl.ChannelN.asyncShutdown(ChannelN.java:517)
	at com.rabbitmq.client.impl.ChannelN.processAsync(ChannelN.java:341)
	at com.rabbitmq.client.impl.AMQChannel.handleCompleteInboundCommand(AMQChannel.java:185)
	at com.rabbitmq.client.impl.AMQChannel.handleFrame(AMQChannel.java:117)
	at com.rabbitmq.client.impl.AMQConnection.readFrame(AMQConnection.java:746)
	at com.rabbitmq.client.impl.AMQConnection.access$300(AMQConnection.java:47)
	at com.rabbitmq.client.impl.AMQConnection$MainLoop.run(AMQConnection.java:673)
	... 1 common frames omitted
14:24:35.648 [org.springframework.amqp.rabbit.RabbitListenerEndpointContainer#0-1] WARN  o.s.a.r.l.BlockingQueueConsumer - Failed to declare queue: products-queue
14:24:35.649 [org.springframework.amqp.rabbit.RabbitListenerEndpointContainer#0-1] WARN  o.s.a.r.l.BlockingQueueConsumer - Queue declaration failed; retries left=1
org.springframework.amqp.rabbit.listener.BlockingQueueConsumer$DeclarationException: Failed to declare queue(s):[products-queue]
	at org.springframework.amqp.rabbit.listener.BlockingQueueConsumer.attemptPassiveDeclarations(BlockingQueueConsumer.java:760)
	at org.springframework.amqp.rabbit.listener.BlockingQueueConsumer.passiveDeclarations(BlockingQueueConsumer.java:637)
	at org.springframework.amqp.rabbit.listener.BlockingQueueConsumer.start(BlockingQueueConsumer.java:624)
	at org.springframework.amqp.rabbit.listener.SimpleMessageListenerContainer$AsyncMessageProcessingConsumer.initialize(SimpleMessageListenerContainer.java:1382)
	at org.springframework.amqp.rabbit.listener.SimpleMessageListenerContainer$AsyncMessageProcessingConsumer.run(SimpleMessageListenerContainer.java:1223)
	at java.base/java.lang.Thread.run(Thread.java:833)
Caused by: java.io.IOException: null
	at com.rabbitmq.client.impl.AMQChannel.wrap(AMQChannel.java:132)
	at com.rabbitmq.client.impl.AMQChannel.wrap(AMQChannel.java:128)
	at com.rabbitmq.client.impl.AMQChannel.exnWrappingRpc(AMQChannel.java:150)
	at com.rabbitmq.client.impl.ChannelN.queueDeclarePassive(ChannelN.java:1012)
	at com.rabbitmq.client.impl.ChannelN.queueDeclarePassive(ChannelN.java:46)
	at java.base/jdk.internal.reflect.NativeMethodAccessorImpl.invoke0(Native Method)
	at java.base/jdk.internal.reflect.NativeMethodAccessorImpl.invoke(NativeMethodAccessorImpl.java:77)
	at java.base/jdk.internal.reflect.DelegatingMethodAccessorImpl.invoke(DelegatingMethodAccessorImpl.java:43)
	at java.base/java.lang.reflect.Method.invoke(Method.java:568)
	at org.springframework.amqp.rabbit.connection.CachingConnectionFactory$CachedChannelInvocationHandler.invoke(CachingConnectionFactory.java:1167)
	at jdk.proxy2/jdk.proxy2.$Proxy160.queueDeclarePassive(Unknown Source)
	at org.springframework.amqp.rabbit.listener.BlockingQueueConsumer.attemptPassiveDeclarations(BlockingQueueConsumer.java:738)
	... 5 common frames omitted
Caused by: com.rabbitmq.client.ShutdownSignalException: channel error; protocol method: #method<channel.close>(reply-code=404, reply-text=NOT_FOUND - no queue 'products-queue' in vhost '/', class-id=50, method-id=10)
	at com.rabbitmq.utility.ValueOrException.getValue(ValueOrException.java:66)
	at com.rabbitmq.utility.BlockingValueOrException.uninterruptibleGetValue(BlockingValueOrException.java:36)
	at com.rabbitmq.client.impl.AMQChannel$BlockingRpcContinuation.getReply(AMQChannel.java:505)
	at com.rabbitmq.client.impl.AMQChannel.privateRpc(AMQChannel.java:296)
	at com.rabbitmq.client.impl.AMQChannel.exnWrappingRpc(AMQChannel.java:144)
	... 14 common frames omitted
Caused by: com.rabbitmq.client.ShutdownSignalException: channel error; protocol method: #method<channel.close>(reply-code=404, reply-text=NOT_FOUND - no queue 'products-queue' in vhost '/', class-id=50, method-id=10)
	at com.rabbitmq.client.impl.ChannelN.asyncShutdown(ChannelN.java:517)
	at com.rabbitmq.client.impl.ChannelN.processAsync(ChannelN.java:341)
	at com.rabbitmq.client.impl.AMQChannel.handleCompleteInboundCommand(AMQChannel.java:185)
	at com.rabbitmq.client.impl.AMQChannel.handleFrame(AMQChannel.java:117)
	at com.rabbitmq.client.impl.AMQConnection.readFrame(AMQConnection.java:746)
	at com.rabbitmq.client.impl.AMQConnection.access$300(AMQConnection.java:47)
	at com.rabbitmq.client.impl.AMQConnection$MainLoop.run(AMQConnection.java:673)
	... 1 common frames omitted
14:24:40.658 [org.springframework.amqp.rabbit.RabbitListenerEndpointContainer#0-1] WARN  o.s.a.r.l.BlockingQueueConsumer - Failed to declare queue: products-queue
14:24:40.658 [org.springframework.amqp.rabbit.RabbitListenerEndpointContainer#0-1] ERROR o.s.a.r.l.SimpleMessageListenerContainer - Consumer threw missing queues exception, fatal=true
org.springframework.amqp.rabbit.listener.QueuesNotAvailableException: Cannot prepare queue for listener. Either the queue doesn't exist or the broker will not allow us to use it.
	at org.springframework.amqp.rabbit.listener.BlockingQueueConsumer.handleDeclarationException(BlockingQueueConsumer.java:710)
	at org.springframework.amqp.rabbit.listener.BlockingQueueConsumer.passiveDeclarations(BlockingQueueConsumer.java:644)
	at org.springframework.amqp.rabbit.listener.BlockingQueueConsumer.start(BlockingQueueConsumer.java:624)
	at org.springframework.amqp.rabbit.listener.SimpleMessageListenerContainer$AsyncMessageProcessingConsumer.initialize(SimpleMessageListenerContainer.java:1382)
	at org.springframework.amqp.rabbit.listener.SimpleMessageListenerContainer$AsyncMessageProcessingConsumer.run(SimpleMessageListenerContainer.java:1223)
	at java.base/java.lang.Thread.run(Thread.java:833)
Caused by: org.springframework.amqp.rabbit.listener.BlockingQueueConsumer$DeclarationException: Failed to declare queue(s):[products-queue]
	at org.springframework.amqp.rabbit.listener.BlockingQueueConsumer.attemptPassiveDeclarations(BlockingQueueConsumer.java:760)
	at org.springframework.amqp.rabbit.listener.BlockingQueueConsumer.passiveDeclarations(BlockingQueueConsumer.java:637)
	... 4 common frames omitted
Caused by: java.io.IOException: null
	at com.rabbitmq.client.impl.AMQChannel.wrap(AMQChannel.java:132)
	at com.rabbitmq.client.impl.AMQChannel.wrap(AMQChannel.java:128)
	at com.rabbitmq.client.impl.AMQChannel.exnWrappingRpc(AMQChannel.java:150)
	at com.rabbitmq.client.impl.ChannelN.queueDeclarePassive(ChannelN.java:1012)
	at com.rabbitmq.client.impl.ChannelN.queueDeclarePassive(ChannelN.java:46)
	at java.base/jdk.internal.reflect.NativeMethodAccessorImpl.invoke0(Native Method)
	at java.base/jdk.internal.reflect.NativeMethodAccessorImpl.invoke(NativeMethodAccessorImpl.java:77)
	at java.base/jdk.internal.reflect.DelegatingMethodAccessorImpl.invoke(DelegatingMethodAccessorImpl.java:43)
	at java.base/java.lang.reflect.Method.invoke(Method.java:568)
	at org.springframework.amqp.rabbit.connection.CachingConnectionFactory$CachedChannelInvocationHandler.invoke(CachingConnectionFactory.java:1167)
	at jdk.proxy2/jdk.proxy2.$Proxy160.queueDeclarePassive(Unknown Source)
	at org.springframework.amqp.rabbit.listener.BlockingQueueConsumer.attemptPassiveDeclarations(BlockingQueueConsumer.java:738)
	... 5 common frames omitted
Caused by: com.rabbitmq.client.ShutdownSignalException: channel error; protocol method: #method<channel.close>(reply-code=404, reply-text=NOT_FOUND - no queue 'products-queue' in vhost '/', class-id=50, method-id=10)
	at com.rabbitmq.utility.ValueOrException.getValue(ValueOrException.java:66)
	at com.rabbitmq.utility.BlockingValueOrException.uninterruptibleGetValue(BlockingValueOrException.java:36)
	at com.rabbitmq.client.impl.AMQChannel$BlockingRpcContinuation.getReply(AMQChannel.java:505)
	at com.rabbitmq.client.impl.AMQChannel.privateRpc(AMQChannel.java:296)
	at com.rabbitmq.client.impl.AMQChannel.exnWrappingRpc(AMQChannel.java:144)
	... 14 common frames omitted
Caused by: com.rabbitmq.client.ShutdownSignalException: channel error; protocol method: #method<channel.close>(reply-code=404, reply-text=NOT_FOUND - no queue 'products-queue' in vhost '/', class-id=50, method-id=10)
	at com.rabbitmq.client.impl.ChannelN.asyncShutdown(ChannelN.java:517)
	at com.rabbitmq.client.impl.ChannelN.processAsync(ChannelN.java:341)
	at com.rabbitmq.client.impl.AMQChannel.handleCompleteInboundCommand(AMQChannel.java:185)
	at com.rabbitmq.client.impl.AMQChannel.handleFrame(AMQChannel.java:117)
	at com.rabbitmq.client.impl.AMQConnection.readFrame(AMQConnection.java:746)
	at com.rabbitmq.client.impl.AMQConnection.access$300(AMQConnection.java:47)
	at com.rabbitmq.client.impl.AMQConnection$MainLoop.run(AMQConnection.java:673)
	... 1 common frames omitted
14:24:40.661 [main] WARN  o.s.b.w.s.c.AnnotationConfigServletWebServerApplicationContext - Exception encountered during context initialization - cancelling refresh attempt: org.springframework.context.ApplicationContextException: Failed to start bean 'org.springframework.amqp.rabbit.config.internalRabbitListenerEndpointRegistry'
14:24:40.664 [main] INFO  o.s.a.r.l.SimpleMessageListenerContainer - Waiting for workers to finish.
14:24:40.664 [main] INFO  o.s.a.r.l.SimpleMessageListenerContainer - Successfully waited for workers to finish.
14:24:40.668 [org.springframework.amqp.rabbit.RabbitListenerEndpointContainer#0-1] ERROR o.s.a.r.l.SimpleMessageListenerContainer - Stopping container from aborted consumer
14:24:40.672 [main] INFO  o.s.o.j.LocalContainerEntityManagerFactoryBean - Closing JPA EntityManagerFactory for persistence unit 'default'
14:24:40.674 [main] INFO  com.zaxxer.hikari.HikariDataSource - HikariPool-1 - Shutdown initiated...
14:24:40.685 [main] INFO  com.zaxxer.hikari.HikariDataSource - HikariPool-1 - Shutdown completed.
14:24:40.685 [main] INFO  c.netflix.discovery.DiscoveryClient - Shutting down DiscoveryClient ...
14:24:43.708 [main] INFO  c.netflix.discovery.DiscoveryClient - Unregistering ...
14:24:43.717 [main] INFO  c.netflix.discovery.DiscoveryClient - DiscoveryClient_CATALOGUE-SERVICE/localhost:catalogue-service:8082 - deregister  status: 200
14:24:43.774 [main] INFO  c.netflix.discovery.DiscoveryClient - Completed shut down of DiscoveryClient
14:24:43.801 [main] INFO  o.a.coyote.http11.Http11NioProtocol - Pausing ProtocolHandler ["http-nio-8082"]
14:24:43.802 [main] INFO  o.a.catalina.core.StandardService - Stopping service [Tomcat]
14:24:43.807 [main] INFO  o.a.coyote.http11.Http11NioProtocol - Stopping ProtocolHandler ["http-nio-8082"]
14:24:43.809 [main] INFO  o.a.coyote.http11.Http11NioProtocol - Destroying ProtocolHandler ["http-nio-8082"]
14:24:43.818 [main] INFO  o.s.b.a.l.ConditionEvaluationReportLogger - 

Error starting ApplicationContext. To display the condition evaluation report re-run your application with 'debug' enabled.
14:24:43.849 [main] ERROR o.s.boot.SpringApplication - Application run failed
org.springframework.context.ApplicationContextException: Failed to start bean 'org.springframework.amqp.rabbit.config.internalRabbitListenerEndpointRegistry'
	at org.springframework.context.support.DefaultLifecycleProcessor.doStart(DefaultLifecycleProcessor.java:182)
	at org.springframework.context.support.DefaultLifecycleProcessor$LifecycleGroup.start(DefaultLifecycleProcessor.java:357)
	at java.base/java.lang.Iterable.forEach(Iterable.java:75)
	at org.springframework.context.support.DefaultLifecycleProcessor.startBeans(DefaultLifecycleProcessor.java:156)
	at org.springframework.context.support.DefaultLifecycleProcessor.onRefresh(DefaultLifecycleProcessor.java:124)
	at org.springframework.context.support.AbstractApplicationContext.finishRefresh(AbstractApplicationContext.java:958)
	at org.springframework.context.support.AbstractApplicationContext.refresh(AbstractApplicationContext.java:611)
	at org.springframework.boot.web.servlet.context.ServletWebServerApplicationContext.refresh(ServletWebServerApplicationContext.java:146)
	at org.springframework.boot.SpringApplication.refresh(SpringApplication.java:737)
	at org.springframework.boot.SpringApplication.refreshContext(SpringApplication.java:439)
	at org.springframework.boot.SpringApplication.run(SpringApplication.java:315)
	at org.springframework.boot.SpringApplication.run(SpringApplication.java:1309)
	at org.springframework.boot.SpringApplication.run(SpringApplication.java:1298)
	at be.pxl.services.CatalogueServiceApplication.main(CatalogueServiceApplication.java:16)
Caused by: org.springframework.amqp.AmqpIllegalStateException: Fatal exception on listener startup
	at org.springframework.amqp.rabbit.listener.SimpleMessageListenerContainer.waitForConsumersToStart(SimpleMessageListenerContainer.java:604)
	at org.springframework.amqp.rabbit.listener.SimpleMessageListenerContainer.doStart(SimpleMessageListenerContainer.java:564)
	at org.springframework.amqp.rabbit.listener.AbstractMessageListenerContainer.start(AbstractMessageListenerContainer.java:1384)
	at org.springframework.amqp.rabbit.listener.RabbitListenerEndpointRegistry.startIfNecessary(RabbitListenerEndpointRegistry.java:289)
	at org.springframework.amqp.rabbit.listener.RabbitListenerEndpointRegistry.start(RabbitListenerEndpointRegistry.java:239)
	at org.springframework.context.support.DefaultLifecycleProcessor.doStart(DefaultLifecycleProcessor.java:179)
	... 13 common frames omitted
Caused by: org.springframework.amqp.rabbit.listener.QueuesNotAvailableException: Cannot prepare queue for listener. Either the queue doesn't exist or the broker will not allow us to use it.
	at org.springframework.amqp.rabbit.listener.BlockingQueueConsumer.handleDeclarationException(BlockingQueueConsumer.java:710)
	at org.springframework.amqp.rabbit.listener.BlockingQueueConsumer.passiveDeclarations(BlockingQueueConsumer.java:644)
	at org.springframework.amqp.rabbit.listener.BlockingQueueConsumer.start(BlockingQueueConsumer.java:624)
	at org.springframework.amqp.rabbit.listener.SimpleMessageListenerContainer$AsyncMessageProcessingConsumer.initialize(SimpleMessageListenerContainer.java:1382)
	at org.springframework.amqp.rabbit.listener.SimpleMessageListenerContainer$AsyncMessageProcessingConsumer.run(SimpleMessageListenerContainer.java:1223)
	at java.base/java.lang.Thread.run(Thread.java:833)
Caused by: org.springframework.amqp.rabbit.listener.BlockingQueueConsumer$DeclarationException: Failed to declare queue(s):[products-queue]
	at org.springframework.amqp.rabbit.listener.BlockingQueueConsumer.attemptPassiveDeclarations(BlockingQueueConsumer.java:760)
	at org.springframework.amqp.rabbit.listener.BlockingQueueConsumer.passiveDeclarations(BlockingQueueConsumer.java:637)
	... 4 common frames omitted
Caused by: java.io.IOException: null
	at com.rabbitmq.client.impl.AMQChannel.wrap(AMQChannel.java:132)
	at com.rabbitmq.client.impl.AMQChannel.wrap(AMQChannel.java:128)
	at com.rabbitmq.client.impl.AMQChannel.exnWrappingRpc(AMQChannel.java:150)
	at com.rabbitmq.client.impl.ChannelN.queueDeclarePassive(ChannelN.java:1012)
	at com.rabbitmq.client.impl.ChannelN.queueDeclarePassive(ChannelN.java:46)
	at java.base/jdk.internal.reflect.NativeMethodAccessorImpl.invoke0(Native Method)
	at java.base/jdk.internal.reflect.NativeMethodAccessorImpl.invoke(NativeMethodAccessorImpl.java:77)
	at java.base/jdk.internal.reflect.DelegatingMethodAccessorImpl.invoke(DelegatingMethodAccessorImpl.java:43)
	at java.base/java.lang.reflect.Method.invoke(Method.java:568)
	at org.springframework.amqp.rabbit.connection.CachingConnectionFactory$CachedChannelInvocationHandler.invoke(CachingConnectionFactory.java:1167)
	at jdk.proxy2/jdk.proxy2.$Proxy160.queueDeclarePassive(Unknown Source)
	at org.springframework.amqp.rabbit.listener.BlockingQueueConsumer.attemptPassiveDeclarations(BlockingQueueConsumer.java:738)
	... 5 common frames omitted
Caused by: com.rabbitmq.client.ShutdownSignalException: channel error; protocol method: #method<channel.close>(reply-code=404, reply-text=NOT_FOUND - no queue 'products-queue' in vhost '/', class-id=50, method-id=10)
	at com.rabbitmq.utility.ValueOrException.getValue(ValueOrException.java:66)
	at com.rabbitmq.utility.BlockingValueOrException.uninterruptibleGetValue(BlockingValueOrException.java:36)
	at com.rabbitmq.client.impl.AMQChannel$BlockingRpcContinuation.getReply(AMQChannel.java:505)
	at com.rabbitmq.client.impl.AMQChannel.privateRpc(AMQChannel.java:296)
	at com.rabbitmq.client.impl.AMQChannel.exnWrappingRpc(AMQChannel.java:144)
	... 14 common frames omitted
Caused by: com.rabbitmq.client.ShutdownSignalException: channel error; protocol method: #method<channel.close>(reply-code=404, reply-text=NOT_FOUND - no queue 'products-queue' in vhost '/', class-id=50, method-id=10)
	at com.rabbitmq.client.impl.ChannelN.asyncShutdown(ChannelN.java:517)
	at com.rabbitmq.client.impl.ChannelN.processAsync(ChannelN.java:341)
	at com.rabbitmq.client.impl.AMQChannel.handleCompleteInboundCommand(AMQChannel.java:185)
	at com.rabbitmq.client.impl.AMQChannel.handleFrame(AMQChannel.java:117)
	at com.rabbitmq.client.impl.AMQConnection.readFrame(AMQConnection.java:746)
	at com.rabbitmq.client.impl.AMQConnection.access$300(AMQConnection.java:47)
	at com.rabbitmq.client.impl.AMQConnection$MainLoop.run(AMQConnection.java:673)
	... 1 common frames omitted
14:25:40.454 [main] INFO  b.p.s.CatalogueServiceApplication - Starting CatalogueServiceApplication using Java 17.0.1 with PID 26644 (C:\Users\lenne\fullstack_java\2dezit-LennertLinsen\2de-zit-LennertLinsen\backend-java\E-Commerce\catalogue-service\target\classes started by lenne in C:\Users\lenne\fullstack_java\2dezit-LennertLinsen\2de-zit-LennertLinsen\backend-java\E-Commerce)
14:25:40.454 [main] INFO  b.p.s.CatalogueServiceApplication - Starting CatalogueServiceApplication using Java 17.0.1 with PID 26644 (C:\Users\lenne\fullstack_java\2dezit-LennertLinsen\2de-zit-LennertLinsen\backend-java\E-Commerce\catalogue-service\target\classes started by lenne in C:\Users\lenne\fullstack_java\2dezit-LennertLinsen\2de-zit-LennertLinsen\backend-java\E-Commerce)
14:25:40.457 [main] INFO  b.p.s.CatalogueServiceApplication - No active profile set, falling back to 1 default profile: "default"
14:25:40.457 [main] INFO  b.p.s.CatalogueServiceApplication - No active profile set, falling back to 1 default profile: "default"
14:25:40.512 [main] INFO  o.s.c.c.c.ConfigServerConfigDataLoader - Fetching config from server at : http://localhost:8088/
14:25:40.513 [main] INFO  o.s.c.c.c.ConfigServerConfigDataLoader - Located environment: name=catalogue-service, profiles=[default], label=null, version=null, state=null
14:25:41.536 [main] INFO  o.s.d.r.c.RepositoryConfigurationDelegate - Bootstrapping Spring Data JPA repositories in DEFAULT mode.
14:25:41.755 [main] INFO  o.s.d.r.c.RepositoryConfigurationDelegate - Finished Spring Data repository scanning in 209 ms. Found 2 JPA repository interfaces.
14:25:42.101 [main] INFO  o.s.cloud.context.scope.GenericScope - BeanFactory id=27abb344-31af-39be-a9ed-722464babaa5
14:25:42.644 [main] INFO  o.s.b.w.e.tomcat.TomcatWebServer - Tomcat initialized with port(s): 8082 (http)
14:25:42.661 [main] INFO  o.a.coyote.http11.Http11NioProtocol - Initializing ProtocolHandler ["http-nio-8082"]
14:25:42.664 [main] INFO  o.a.catalina.core.StandardService - Starting service [Tomcat]
14:25:42.665 [main] INFO  o.a.catalina.core.StandardEngine - Starting Servlet engine: [Apache Tomcat/10.1.13]
14:25:42.838 [main] INFO  o.a.c.c.C.[Tomcat].[localhost].[/] - Initializing Spring embedded WebApplicationContext
14:25:42.838 [main] INFO  o.s.b.w.s.c.ServletWebServerApplicationContext - Root WebApplicationContext: initialization completed in 2323 ms
14:25:43.108 [main] INFO  o.h.jpa.internal.util.LogHelper - HHH000204: Processing PersistenceUnitInfo [name: default]
14:25:43.292 [main] INFO  org.hibernate.Version - HHH000412: Hibernate ORM core version 6.2.9.Final
14:25:43.297 [main] INFO  org.hibernate.cfg.Environment - HHH000406: Using bytecode reflection optimizer
14:25:43.617 [main] INFO  o.h.b.i.BytecodeProviderInitiator - HHH000021: Bytecode provider name : bytebuddy
14:25:43.851 [main] INFO  o.s.o.j.p.SpringPersistenceUnitInfo - No LoadTimeWeaver setup: ignoring JPA class transformer
14:25:43.876 [main] INFO  com.zaxxer.hikari.HikariDataSource - HikariPool-1 - Starting...
14:25:44.102 [main] INFO  com.zaxxer.hikari.pool.HikariPool - HikariPool-1 - Added connection com.mysql.cj.jdbc.ConnectionImpl@194e78af
14:25:44.105 [main] INFO  com.zaxxer.hikari.HikariDataSource - HikariPool-1 - Start completed.
14:25:44.139 [main] WARN  org.hibernate.orm.deprecation - HHH90000026: MySQL8Dialect has been deprecated; use org.hibernate.dialect.MySQLDialect instead
14:25:44.520 [main] INFO  o.h.b.i.BytecodeProviderInitiator - HHH000021: Bytecode provider name : bytebuddy
14:25:45.570 [main] INFO  o.h.e.t.j.p.i.JtaPlatformInitiator - HHH000490: Using JtaPlatform implementation: [org.hibernate.engine.transaction.jta.platform.internal.NoJtaPlatform]
14:25:45.696 [main] INFO  o.s.o.j.LocalContainerEntityManagerFactoryBean - Initialized JPA EntityManagerFactory for persistence unit 'default'
14:25:46.267 [main] WARN  o.s.b.a.o.j.JpaBaseConfiguration$JpaWebConfiguration - spring.jpa.open-in-view is enabled by default. Therefore, database queries may be performed during view rendering. Explicitly configure spring.jpa.open-in-view to disable this warning
14:25:48.714 [main] INFO  o.s.cloud.commons.util.InetUtils - Cannot determine local hostname
14:25:48.758 [main] INFO  o.s.c.n.e.c.DiscoveryClientOptionalArgsConfiguration - Eureka HTTP Client uses RestTemplate.
14:25:50.332 [main] INFO  o.s.cloud.commons.util.InetUtils - Cannot determine local hostname
14:25:50.402 [main] WARN  o.s.c.l.c.LoadBalancerCacheAutoConfiguration$LoadBalancerCaffeineWarnLogger - Spring Cloud LoadBalancer is currently working with the default cache. While this cache implementation is useful for development and tests, it's recommended to use Caffeine cache in production.You can switch to using Caffeine cache, by adding it and org.springframework.cache.caffeine.CaffeineCacheManager to the classpath.
14:25:50.448 [main] WARN  o.s.c.LocalVariableTableParameterNameDiscoverer - Using deprecated '-debug' fallback for parameter name resolution. Compile the affected code with '-parameters' instead or avoid its introspection: org.springframework.amqp.rabbit.core.RabbitAdmin
14:25:50.523 [main] INFO  o.s.c.n.eureka.InstanceInfoFactory - Setting initial instance status as: STARTING
14:25:50.616 [main] INFO  c.netflix.discovery.DiscoveryClient - Initializing Eureka in region us-east-1
14:25:50.623 [main] INFO  c.n.d.s.r.aws.ConfigClusterResolver - Resolving eureka endpoints via configuration
14:25:50.658 [main] INFO  c.netflix.discovery.DiscoveryClient - Disable delta property : false
14:25:50.658 [main] INFO  c.netflix.discovery.DiscoveryClient - Single vip registry refresh property : null
14:25:50.658 [main] INFO  c.netflix.discovery.DiscoveryClient - Force full registry fetch : false
14:25:50.658 [main] INFO  c.netflix.discovery.DiscoveryClient - Application is null : false
14:25:50.658 [main] INFO  c.netflix.discovery.DiscoveryClient - Registered Applications size is zero : true
14:25:50.658 [main] INFO  c.netflix.discovery.DiscoveryClient - Application version is -1: true
14:25:50.658 [main] INFO  c.netflix.discovery.DiscoveryClient - Getting all instance registry info from the eureka server
14:25:50.942 [main] INFO  c.netflix.discovery.DiscoveryClient - The response status is 200
14:25:50.952 [main] INFO  c.netflix.discovery.DiscoveryClient - Starting heartbeat executor: renew interval is: 30
14:25:50.961 [main] INFO  c.n.discovery.InstanceInfoReplicator - InstanceInfoReplicator onDemand update allowed rate per min is 4
14:25:50.975 [main] INFO  c.netflix.discovery.DiscoveryClient - Discovery Client initialized at timestamp 1725452750975 with initial instances count: 1
14:25:50.980 [main] INFO  o.s.c.n.e.s.EurekaServiceRegistry - Registering application CATALOGUE-SERVICE with eureka with status UP
14:25:50.981 [main] INFO  c.netflix.discovery.DiscoveryClient - Saw local status change event StatusChangeEvent [timestamp=1725452750981, current=UP, previous=STARTING]
14:25:50.983 [DiscoveryClient-InstanceInfoReplicator-0] INFO  c.netflix.discovery.DiscoveryClient - DiscoveryClient_CATALOGUE-SERVICE/localhost:catalogue-service:8082: registering service...
14:25:50.983 [main] INFO  o.a.coyote.http11.Http11NioProtocol - Starting ProtocolHandler ["http-nio-8082"]
14:25:51.018 [main] INFO  o.s.b.w.e.tomcat.TomcatWebServer - Tomcat started on port(s): 8082 (http) with context path ''
14:25:51.019 [main] INFO  o.s.c.n.e.s.EurekaAutoServiceRegistration - Updating port to 8082
14:25:51.044 [DiscoveryClient-InstanceInfoReplicator-0] INFO  c.netflix.discovery.DiscoveryClient - DiscoveryClient_CATALOGUE-SERVICE/localhost:catalogue-service:8082 - registration status: 204
14:25:52.639 [main] INFO  o.s.cloud.commons.util.InetUtils - Cannot determine local hostname
14:25:52.644 [main] INFO  o.s.a.r.c.CachingConnectionFactory - Attempting to connect to: [localhost:5672]
14:25:52.760 [main] INFO  o.s.a.r.c.CachingConnectionFactory - Created new connection: rabbitConnectionFactory#56d189d0:0/SimpleConnection@33c5d3e [delegate=amqp://guest@127.0.0.1:5672/, localPort=49541]
14:25:52.829 [main] INFO  b.p.s.CatalogueServiceApplication - Started CatalogueServiceApplication in 15.643 seconds (process running for 18.05)
14:25:52.829 [main] INFO  b.p.s.CatalogueServiceApplication - Started CatalogueServiceApplication in 15.643 seconds (process running for 18.05)
14:30:50.678 [AsyncResolver-bootstrap-executor-0] INFO  c.n.d.s.r.aws.ConfigClusterResolver - Resolving eureka endpoints via configuration
14:31:39.839 [http-nio-8082-exec-2] INFO  o.a.c.c.C.[Tomcat].[localhost].[/] - Initializing Spring DispatcherServlet 'dispatcherServlet'
14:31:39.839 [http-nio-8082-exec-2] INFO  o.s.web.servlet.DispatcherServlet - Initializing Servlet 'dispatcherServlet'
14:31:39.841 [http-nio-8082-exec-2] INFO  o.s.web.servlet.DispatcherServlet - Completed initialization in 1 ms
14:31:39.877 [http-nio-8082-exec-2] INFO  b.p.services.service.ProductService - retrieving all products.
14:31:39.877 [http-nio-8082-exec-2] INFO  b.p.services.service.ProductService - retrieving all products.
14:31:46.473 [http-nio-8082-exec-1] INFO  b.p.services.service.CategoryService - Retrieving all categories.
14:31:46.473 [http-nio-8082-exec-1] INFO  b.p.services.service.CategoryService - Retrieving all categories.
14:31:46.542 [http-nio-8082-exec-3] INFO  b.p.services.service.ProductService - Retireving info about item with id: 2
14:31:46.542 [http-nio-8082-exec-3] INFO  b.p.services.service.ProductService - Retireving info about item with id: 2
14:31:54.313 [http-nio-8082-exec-4] INFO  b.p.services.service.ProductService - Updated product with id: 2
14:31:54.313 [http-nio-8082-exec-4] INFO  b.p.services.service.ProductService - Updated product with id: 2
14:31:54.360 [http-nio-8082-exec-5] INFO  b.p.services.service.ProductService - retrieving all products.
14:31:54.360 [http-nio-8082-exec-5] INFO  b.p.services.service.ProductService - retrieving all products.
14:32:10.623 [http-nio-8082-exec-6] INFO  b.p.services.service.ProductService - Product deleted from catalogue.
14:32:10.623 [http-nio-8082-exec-6] INFO  b.p.services.service.ProductService - Product deleted from catalogue.
14:32:10.634 [http-nio-8082-exec-7] INFO  b.p.services.service.ProductService - retrieving all products.
14:32:10.634 [http-nio-8082-exec-7] INFO  b.p.services.service.ProductService - retrieving all products.
14:32:18.860 [http-nio-8082-exec-8] INFO  b.p.services.service.CategoryService - Retrieving all categories.
14:32:18.860 [http-nio-8082-exec-8] INFO  b.p.services.service.CategoryService - Retrieving all categories.
14:32:55.624 [http-nio-8082-exec-9] INFO  b.p.services.service.ProductService - adding a product.
14:32:55.624 [http-nio-8082-exec-9] INFO  b.p.services.service.ProductService - adding a product.
14:32:55.702 [http-nio-8082-exec-10] INFO  b.p.services.service.ProductService - retrieving all products.
14:32:55.702 [http-nio-8082-exec-10] INFO  b.p.services.service.ProductService - retrieving all products.
14:32:59.605 [http-nio-8082-exec-2] INFO  b.p.services.service.CategoryService - Retrieving all categories.
14:32:59.605 [http-nio-8082-exec-2] INFO  b.p.services.service.CategoryService - Retrieving all categories.
14:34:08.091 [http-nio-8082-exec-4] INFO  b.p.services.service.ProductService - adding a product.
14:34:08.091 [http-nio-8082-exec-4] INFO  b.p.services.service.ProductService - adding a product.
14:34:08.147 [http-nio-8082-exec-5] INFO  b.p.services.service.ProductService - retrieving all products.
14:34:08.147 [http-nio-8082-exec-5] INFO  b.p.services.service.ProductService - retrieving all products.
14:34:19.000 [http-nio-8082-exec-6] INFO  b.p.services.service.CategoryService - Retrieving all categories.
14:34:19.000 [http-nio-8082-exec-6] INFO  b.p.services.service.CategoryService - Retrieving all categories.
14:34:19.011 [http-nio-8082-exec-7] INFO  b.p.services.service.ProductService - Retireving info about item with id: 353
14:34:19.011 [http-nio-8082-exec-7] INFO  b.p.services.service.ProductService - Retireving info about item with id: 353
14:34:24.308 [http-nio-8082-exec-8] INFO  b.p.services.service.ProductService - Updated product with id: 353
14:34:24.308 [http-nio-8082-exec-8] INFO  b.p.services.service.ProductService - Updated product with id: 353
14:34:24.341 [http-nio-8082-exec-9] INFO  b.p.services.service.ProductService - retrieving all products.
14:34:24.341 [http-nio-8082-exec-9] INFO  b.p.services.service.ProductService - retrieving all products.
14:34:31.138 [http-nio-8082-exec-10] INFO  b.p.services.service.CategoryService - Retrieving all categories.
14:34:31.138 [http-nio-8082-exec-10] INFO  b.p.services.service.CategoryService - Retrieving all categories.
14:35:31.125 [http-nio-8082-exec-1] INFO  b.p.services.service.ProductService - adding a product.
14:35:31.125 [http-nio-8082-exec-1] INFO  b.p.services.service.ProductService - adding a product.
14:35:31.175 [http-nio-8082-exec-3] INFO  b.p.services.service.ProductService - retrieving all products.
14:35:31.175 [http-nio-8082-exec-3] INFO  b.p.services.service.ProductService - retrieving all products.
14:35:35.440 [http-nio-8082-exec-4] INFO  b.p.services.service.CategoryService - Retrieving all categories.
14:35:35.440 [http-nio-8082-exec-4] INFO  b.p.services.service.CategoryService - Retrieving all categories.
14:35:50.685 [AsyncResolver-bootstrap-executor-0] INFO  c.n.d.s.r.aws.ConfigClusterResolver - Resolving eureka endpoints via configuration
14:36:21.657 [http-nio-8082-exec-5] INFO  b.p.services.service.ProductService - adding a product.
14:36:21.657 [http-nio-8082-exec-5] INFO  b.p.services.service.ProductService - adding a product.
14:36:21.707 [http-nio-8082-exec-7] INFO  b.p.services.service.ProductService - retrieving all products.
14:36:21.707 [http-nio-8082-exec-7] INFO  b.p.services.service.ProductService - retrieving all products.
14:36:25.312 [http-nio-8082-exec-6] INFO  b.p.services.service.CategoryService - Retrieving all categories.
14:36:25.312 [http-nio-8082-exec-6] INFO  b.p.services.service.CategoryService - Retrieving all categories.
14:38:13.338 [http-nio-8082-exec-9] INFO  b.p.services.service.ProductService - adding a product.
14:38:13.338 [http-nio-8082-exec-9] INFO  b.p.services.service.ProductService - adding a product.
14:38:13.392 [http-nio-8082-exec-10] INFO  b.p.services.service.ProductService - retrieving all products.
14:38:13.392 [http-nio-8082-exec-10] INFO  b.p.services.service.ProductService - retrieving all products.
14:38:16.334 [http-nio-8082-exec-2] INFO  b.p.services.service.CategoryService - Retrieving all categories.
14:38:16.334 [http-nio-8082-exec-2] INFO  b.p.services.service.CategoryService - Retrieving all categories.
14:39:02.768 [http-nio-8082-exec-1] INFO  b.p.services.service.ProductService - adding a product.
14:39:02.768 [http-nio-8082-exec-1] INFO  b.p.services.service.ProductService - adding a product.
14:39:02.816 [http-nio-8082-exec-3] INFO  b.p.services.service.ProductService - retrieving all products.
14:39:02.816 [http-nio-8082-exec-3] INFO  b.p.services.service.ProductService - retrieving all products.
14:40:05.798 [http-nio-8082-exec-5] INFO  b.p.services.service.ProductService - retrieving all products.
14:40:05.798 [http-nio-8082-exec-5] INFO  b.p.services.service.ProductService - retrieving all products.
14:40:05.800 [http-nio-8082-exec-7] INFO  b.p.services.service.CategoryService - Retrieving all categories.
14:40:05.800 [http-nio-8082-exec-7] INFO  b.p.services.service.CategoryService - Retrieving all categories.
14:40:45.979 [http-nio-8082-exec-6] INFO  b.p.services.service.ProductService - Retireving info about item with id: 3
14:40:45.979 [http-nio-8082-exec-6] INFO  b.p.services.service.ProductService - Retireving info about item with id: 3
14:40:50.694 [AsyncResolver-bootstrap-executor-0] INFO  c.n.d.s.r.aws.ConfigClusterResolver - Resolving eureka endpoints via configuration
14:40:55.063 [http-nio-8082-exec-8] INFO  b.p.services.service.ProductService - Wishlist counter for the item with id 3has gone up by 1.
14:40:55.063 [http-nio-8082-exec-8] INFO  b.p.services.service.ProductService - Wishlist counter for the item with id 3has gone up by 1.
14:40:56.615 [http-nio-8082-exec-9] INFO  b.p.services.service.ProductService - Retireving info about item with id: 3
14:40:56.615 [http-nio-8082-exec-9] INFO  b.p.services.service.ProductService - Retireving info about item with id: 3
14:41:02.900 [http-nio-8082-exec-10] INFO  b.p.services.service.ProductService - Retireving info about item with id: 3
14:41:02.900 [http-nio-8082-exec-10] INFO  b.p.services.service.ProductService - Retireving info about item with id: 3
14:41:05.551 [http-nio-8082-exec-1] INFO  b.p.services.service.CategoryService - Retrieving all categories.
14:41:05.551 [http-nio-8082-exec-1] INFO  b.p.services.service.CategoryService - Retrieving all categories.
14:41:05.552 [http-nio-8082-exec-2] INFO  b.p.services.service.ProductService - retrieving all products.
14:41:05.552 [http-nio-8082-exec-2] INFO  b.p.services.service.ProductService - retrieving all products.
14:41:08.573 [http-nio-8082-exec-4] INFO  b.p.services.service.ProductService - retrieving all products.
14:41:08.573 [http-nio-8082-exec-3] INFO  b.p.services.service.CategoryService - Retrieving all categories.
14:41:08.573 [http-nio-8082-exec-4] INFO  b.p.services.service.ProductService - retrieving all products.
14:41:08.573 [http-nio-8082-exec-3] INFO  b.p.services.service.CategoryService - Retrieving all categories.
14:41:09.522 [http-nio-8082-exec-5] INFO  b.p.services.service.ProductService - Retireving info about item with id: 3
14:41:09.522 [http-nio-8082-exec-5] INFO  b.p.services.service.ProductService - Retireving info about item with id: 3
14:41:12.553 [http-nio-8082-exec-6] INFO  b.p.services.service.CategoryService - Retrieving all categories.
14:41:12.553 [http-nio-8082-exec-7] INFO  b.p.services.service.ProductService - retrieving all products.
14:41:12.553 [http-nio-8082-exec-6] INFO  b.p.services.service.CategoryService - Retrieving all categories.
14:41:12.553 [http-nio-8082-exec-7] INFO  b.p.services.service.ProductService - retrieving all products.
14:42:10.186 [http-nio-8082-exec-8] INFO  b.p.services.service.ProductService - Retireving info about item with id: 2
14:42:10.186 [http-nio-8082-exec-8] INFO  b.p.services.service.ProductService - Retireving info about item with id: 2
