14:27:07.450 [main] INFO  b.p.services.UserServiceApplication - Starting UserServiceApplication using Java 17.0.1 with PID 2176 (C:\Users\lenne\fullstack_java\2dezit-LennertLinsen\2de-zit-LennertLinsen\backend-java\E-Commerce\user-service\target\classes started by lenne in C:\Users\lenne\fullstack_java\2dezit-LennertLinsen\2de-zit-LennertLinsen\backend-java\E-Commerce)
14:27:07.450 [main] INFO  b.p.services.UserServiceApplication - Starting UserServiceApplication using Java 17.0.1 with PID 2176 (C:\Users\lenne\fullstack_java\2dezit-LennertLinsen\2de-zit-LennertLinsen\backend-java\E-Commerce\user-service\target\classes started by lenne in C:\Users\lenne\fullstack_java\2dezit-LennertLinsen\2de-zit-LennertLinsen\backend-java\E-Commerce)
14:27:07.457 [main] INFO  b.p.services.UserServiceApplication - No active profile set, falling back to 1 default profile: "default"
14:27:07.457 [main] INFO  b.p.services.UserServiceApplication - No active profile set, falling back to 1 default profile: "default"
14:27:07.513 [main] INFO  o.s.c.c.c.ConfigServerConfigDataLoader - Fetching config from server at : http://localhost:8088/
14:27:07.514 [main] INFO  o.s.c.c.c.ConfigServerConfigDataLoader - Located environment: name=user-service, profiles=[default], label=null, version=null, state=null
14:27:07.745 [main] WARN  o.s.b.w.s.c.AnnotationConfigServletWebServerApplicationContext - Exception encountered during context initialization - cancelling refresh attempt: org.springframework.beans.factory.BeanDefinitionStoreException: Failed to parse configuration class [be.pxl.services.UserServiceApplication]
14:27:07.779 [main] ERROR o.s.boot.SpringApplication - Application run failed
org.springframework.beans.factory.BeanDefinitionStoreException: Failed to parse configuration class [be.pxl.services.UserServiceApplication]
	at org.springframework.context.annotation.ConfigurationClassParser.parse(ConfigurationClassParser.java:178)
	at org.springframework.context.annotation.ConfigurationClassPostProcessor.processConfigBeanDefinitions(ConfigurationClassPostProcessor.java:415)
	at org.springframework.context.annotation.ConfigurationClassPostProcessor.postProcessBeanDefinitionRegistry(ConfigurationClassPostProcessor.java:287)
	at org.springframework.context.support.PostProcessorRegistrationDelegate.invokeBeanDefinitionRegistryPostProcessors(PostProcessorRegistrationDelegate.java:344)
	at org.springframework.context.support.PostProcessorRegistrationDelegate.invokeBeanFactoryPostProcessors(PostProcessorRegistrationDelegate.java:115)
	at org.springframework.context.support.AbstractApplicationContext.invokeBeanFactoryPostProcessors(AbstractApplicationContext.java:771)
	at org.springframework.context.support.AbstractApplicationContext.refresh(AbstractApplicationContext.java:589)
	at org.springframework.boot.web.servlet.context.ServletWebServerApplicationContext.refresh(ServletWebServerApplicationContext.java:146)
	at org.springframework.boot.SpringApplication.refresh(SpringApplication.java:737)
	at org.springframework.boot.SpringApplication.refreshContext(SpringApplication.java:439)
	at org.springframework.boot.SpringApplication.run(SpringApplication.java:315)
	at org.springframework.boot.SpringApplication.run(SpringApplication.java:1309)
	at org.springframework.boot.SpringApplication.run(SpringApplication.java:1298)
	at be.pxl.services.UserServiceApplication.main(UserServiceApplication.java:19)
Caused by: org.springframework.context.annotation.ConflictingBeanDefinitionException: Annotation-specified bean name 'userController' for bean class [be.pxl.services.controller.UserController] conflicts with existing, non-compatible bean definition of same name and class [be.pxl.services.controller.UserController]
	at org.springframework.context.annotation.ClassPathBeanDefinitionScanner.checkCandidate(ClassPathBeanDefinitionScanner.java:349)
	at org.springframework.context.annotation.ClassPathBeanDefinitionScanner.doScan(ClassPathBeanDefinitionScanner.java:287)
	at org.springframework.context.annotation.ComponentScanAnnotationParser.parse(ComponentScanAnnotationParser.java:128)
	at org.springframework.context.annotation.ConfigurationClassParser.doProcessConfigurationClass(ConfigurationClassParser.java:289)
	at org.springframework.context.annotation.ConfigurationClassParser.processConfigurationClass(ConfigurationClassParser.java:243)
	at org.springframework.context.annotation.ConfigurationClassParser.parse(ConfigurationClassParser.java:196)
	at org.springframework.context.annotation.ConfigurationClassParser.parse(ConfigurationClassParser.java:164)
	... 13 common frames omitted
14:27:37.851 [main] INFO  b.p.services.UserServiceApplication - Starting UserServiceApplication using Java 17.0.1 with PID 12876 (C:\Users\lenne\fullstack_java\2dezit-LennertLinsen\2de-zit-LennertLinsen\backend-java\E-Commerce\user-service\target\classes started by lenne in C:\Users\lenne\fullstack_java\2dezit-LennertLinsen\2de-zit-LennertLinsen\backend-java\E-Commerce)
14:27:37.851 [main] INFO  b.p.services.UserServiceApplication - Starting UserServiceApplication using Java 17.0.1 with PID 12876 (C:\Users\lenne\fullstack_java\2dezit-LennertLinsen\2de-zit-LennertLinsen\backend-java\E-Commerce\user-service\target\classes started by lenne in C:\Users\lenne\fullstack_java\2dezit-LennertLinsen\2de-zit-LennertLinsen\backend-java\E-Commerce)
14:27:37.853 [main] INFO  b.p.services.UserServiceApplication - No active profile set, falling back to 1 default profile: "default"
14:27:37.853 [main] INFO  b.p.services.UserServiceApplication - No active profile set, falling back to 1 default profile: "default"
14:27:37.909 [main] INFO  o.s.c.c.c.ConfigServerConfigDataLoader - Fetching config from server at : http://localhost:8088/
14:27:37.910 [main] INFO  o.s.c.c.c.ConfigServerConfigDataLoader - Located environment: name=user-service, profiles=[default], label=null, version=null, state=null
14:27:38.065 [main] WARN  o.s.b.w.s.c.AnnotationConfigServletWebServerApplicationContext - Exception encountered during context initialization - cancelling refresh attempt: org.springframework.beans.factory.BeanDefinitionStoreException: Failed to parse configuration class [be.pxl.services.UserServiceApplication]
14:27:38.122 [main] ERROR o.s.boot.SpringApplication - Application run failed
org.springframework.beans.factory.BeanDefinitionStoreException: Failed to parse configuration class [be.pxl.services.UserServiceApplication]
	at org.springframework.context.annotation.ConfigurationClassParser.parse(ConfigurationClassParser.java:178)
	at org.springframework.context.annotation.ConfigurationClassPostProcessor.processConfigBeanDefinitions(ConfigurationClassPostProcessor.java:415)
	at org.springframework.context.annotation.ConfigurationClassPostProcessor.postProcessBeanDefinitionRegistry(ConfigurationClassPostProcessor.java:287)
	at org.springframework.context.support.PostProcessorRegistrationDelegate.invokeBeanDefinitionRegistryPostProcessors(PostProcessorRegistrationDelegate.java:344)
	at org.springframework.context.support.PostProcessorRegistrationDelegate.invokeBeanFactoryPostProcessors(PostProcessorRegistrationDelegate.java:115)
	at org.springframework.context.support.AbstractApplicationContext.invokeBeanFactoryPostProcessors(AbstractApplicationContext.java:771)
	at org.springframework.context.support.AbstractApplicationContext.refresh(AbstractApplicationContext.java:589)
	at org.springframework.boot.web.servlet.context.ServletWebServerApplicationContext.refresh(ServletWebServerApplicationContext.java:146)
	at org.springframework.boot.SpringApplication.refresh(SpringApplication.java:737)
	at org.springframework.boot.SpringApplication.refreshContext(SpringApplication.java:439)
	at org.springframework.boot.SpringApplication.run(SpringApplication.java:315)
	at org.springframework.boot.SpringApplication.run(SpringApplication.java:1309)
	at org.springframework.boot.SpringApplication.run(SpringApplication.java:1298)
	at be.pxl.services.UserServiceApplication.main(UserServiceApplication.java:19)
Caused by: org.springframework.context.annotation.ConflictingBeanDefinitionException: Annotation-specified bean name 'userController' for bean class [be.pxl.services.controller.UserController] conflicts with existing, non-compatible bean definition of same name and class [be.pxl.services.controller.UserController]
	at org.springframework.context.annotation.ClassPathBeanDefinitionScanner.checkCandidate(ClassPathBeanDefinitionScanner.java:349)
	at org.springframework.context.annotation.ClassPathBeanDefinitionScanner.doScan(ClassPathBeanDefinitionScanner.java:287)
	at org.springframework.context.annotation.ComponentScanAnnotationParser.parse(ComponentScanAnnotationParser.java:128)
	at org.springframework.context.annotation.ConfigurationClassParser.doProcessConfigurationClass(ConfigurationClassParser.java:289)
	at org.springframework.context.annotation.ConfigurationClassParser.processConfigurationClass(ConfigurationClassParser.java:243)
	at org.springframework.context.annotation.ConfigurationClassParser.parse(ConfigurationClassParser.java:196)
	at org.springframework.context.annotation.ConfigurationClassParser.parse(ConfigurationClassParser.java:164)
	... 13 common frames omitted
14:28:20.922 [main] INFO  b.p.services.UserServiceApplication - Starting UserServiceApplication using Java 17.0.1 with PID 9648 (C:\Users\lenne\fullstack_java\2dezit-LennertLinsen\2de-zit-LennertLinsen\backend-java\E-Commerce\user-service\target\classes started by lenne in C:\Users\lenne\fullstack_java\2dezit-LennertLinsen\2de-zit-LennertLinsen\backend-java\E-Commerce)
14:28:20.922 [main] INFO  b.p.services.UserServiceApplication - Starting UserServiceApplication using Java 17.0.1 with PID 9648 (C:\Users\lenne\fullstack_java\2dezit-LennertLinsen\2de-zit-LennertLinsen\backend-java\E-Commerce\user-service\target\classes started by lenne in C:\Users\lenne\fullstack_java\2dezit-LennertLinsen\2de-zit-LennertLinsen\backend-java\E-Commerce)
14:28:20.925 [main] INFO  b.p.services.UserServiceApplication - No active profile set, falling back to 1 default profile: "default"
14:28:20.925 [main] INFO  b.p.services.UserServiceApplication - No active profile set, falling back to 1 default profile: "default"
14:28:20.979 [main] INFO  o.s.c.c.c.ConfigServerConfigDataLoader - Fetching config from server at : http://localhost:8088/
14:28:20.980 [main] INFO  o.s.c.c.c.ConfigServerConfigDataLoader - Located environment: name=user-service, profiles=[default], label=null, version=null, state=null
14:28:21.145 [main] WARN  o.s.b.w.s.c.AnnotationConfigServletWebServerApplicationContext - Exception encountered during context initialization - cancelling refresh attempt: org.springframework.beans.factory.BeanDefinitionStoreException: Failed to parse configuration class [be.pxl.services.UserServiceApplication]
14:28:21.177 [main] ERROR o.s.boot.SpringApplication - Application run failed
org.springframework.beans.factory.BeanDefinitionStoreException: Failed to parse configuration class [be.pxl.services.UserServiceApplication]
	at org.springframework.context.annotation.ConfigurationClassParser.parse(ConfigurationClassParser.java:178)
	at org.springframework.context.annotation.ConfigurationClassPostProcessor.processConfigBeanDefinitions(ConfigurationClassPostProcessor.java:415)
	at org.springframework.context.annotation.ConfigurationClassPostProcessor.postProcessBeanDefinitionRegistry(ConfigurationClassPostProcessor.java:287)
	at org.springframework.context.support.PostProcessorRegistrationDelegate.invokeBeanDefinitionRegistryPostProcessors(PostProcessorRegistrationDelegate.java:344)
	at org.springframework.context.support.PostProcessorRegistrationDelegate.invokeBeanFactoryPostProcessors(PostProcessorRegistrationDelegate.java:115)
	at org.springframework.context.support.AbstractApplicationContext.invokeBeanFactoryPostProcessors(AbstractApplicationContext.java:771)
	at org.springframework.context.support.AbstractApplicationContext.refresh(AbstractApplicationContext.java:589)
	at org.springframework.boot.web.servlet.context.ServletWebServerApplicationContext.refresh(ServletWebServerApplicationContext.java:146)
	at org.springframework.boot.SpringApplication.refresh(SpringApplication.java:737)
	at org.springframework.boot.SpringApplication.refreshContext(SpringApplication.java:439)
	at org.springframework.boot.SpringApplication.run(SpringApplication.java:315)
	at org.springframework.boot.SpringApplication.run(SpringApplication.java:1309)
	at org.springframework.boot.SpringApplication.run(SpringApplication.java:1298)
	at be.pxl.services.UserServiceApplication.main(UserServiceApplication.java:19)
Caused by: org.springframework.context.annotation.ConflictingBeanDefinitionException: Annotation-specified bean name 'userController' for bean class [be.pxl.services.controller.UserController] conflicts with existing, non-compatible bean definition of same name and class [be.pxl.services.controller.UserController]
	at org.springframework.context.annotation.ClassPathBeanDefinitionScanner.checkCandidate(ClassPathBeanDefinitionScanner.java:349)
	at org.springframework.context.annotation.ClassPathBeanDefinitionScanner.doScan(ClassPathBeanDefinitionScanner.java:287)
	at org.springframework.context.annotation.ComponentScanAnnotationParser.parse(ComponentScanAnnotationParser.java:128)
	at org.springframework.context.annotation.ConfigurationClassParser.doProcessConfigurationClass(ConfigurationClassParser.java:289)
	at org.springframework.context.annotation.ConfigurationClassParser.processConfigurationClass(ConfigurationClassParser.java:243)
	at org.springframework.context.annotation.ConfigurationClassParser.parse(ConfigurationClassParser.java:196)
	at org.springframework.context.annotation.ConfigurationClassParser.parse(ConfigurationClassParser.java:164)
	... 13 common frames omitted
14:29:39.128 [main] INFO  b.p.services.UserServiceApplication - Starting UserServiceApplication using Java 17.0.1 with PID 28524 (C:\Users\lenne\fullstack_java\2dezit-LennertLinsen\2de-zit-LennertLinsen\backend-java\E-Commerce\user-service\target\classes started by lenne in C:\Users\lenne\fullstack_java\2dezit-LennertLinsen\2de-zit-LennertLinsen\backend-java\E-Commerce)
14:29:39.128 [main] INFO  b.p.services.UserServiceApplication - Starting UserServiceApplication using Java 17.0.1 with PID 28524 (C:\Users\lenne\fullstack_java\2dezit-LennertLinsen\2de-zit-LennertLinsen\backend-java\E-Commerce\user-service\target\classes started by lenne in C:\Users\lenne\fullstack_java\2dezit-LennertLinsen\2de-zit-LennertLinsen\backend-java\E-Commerce)
14:29:39.130 [main] INFO  b.p.services.UserServiceApplication - No active profile set, falling back to 1 default profile: "default"
14:29:39.130 [main] INFO  b.p.services.UserServiceApplication - No active profile set, falling back to 1 default profile: "default"
14:29:39.181 [main] INFO  o.s.c.c.c.ConfigServerConfigDataLoader - Fetching config from server at : http://localhost:8088/
14:29:39.181 [main] INFO  o.s.c.c.c.ConfigServerConfigDataLoader - Located environment: name=user-service, profiles=[default], label=null, version=null, state=null
14:29:40.241 [main] INFO  o.s.d.r.c.RepositoryConfigurationDelegate - Bootstrapping Spring Data JPA repositories in DEFAULT mode.
14:29:40.462 [main] INFO  o.s.d.r.c.RepositoryConfigurationDelegate - Finished Spring Data repository scanning in 208 ms. Found 1 JPA repository interfaces.
14:29:40.854 [main] INFO  o.s.cloud.context.scope.GenericScope - BeanFactory id=f283465d-ac34-3226-b92d-ecf545e70e27
14:29:40.964 [main] INFO  o.s.c.s.PostProcessorRegistrationDelegate$BeanPostProcessorChecker - Bean 'be.pxl.services.clients.CartClient' of type [org.springframework.cloud.openfeign.FeignClientFactoryBean] is not eligible for getting processed by all BeanPostProcessors (for example: not eligible for auto-proxying)
14:29:40.965 [main] INFO  o.s.c.s.PostProcessorRegistrationDelegate$BeanPostProcessorChecker - Bean 'be.pxl.services.clients.WishlistClient' of type [org.springframework.cloud.openfeign.FeignClientFactoryBean] is not eligible for getting processed by all BeanPostProcessors (for example: not eligible for auto-proxying)
14:29:41.442 [main] INFO  o.s.b.w.e.tomcat.TomcatWebServer - Tomcat initialized with port(s): 8084 (http)
14:29:41.455 [main] INFO  o.a.coyote.http11.Http11NioProtocol - Initializing ProtocolHandler ["http-nio-8084"]
14:29:41.460 [main] INFO  o.a.catalina.core.StandardService - Starting service [Tomcat]
14:29:41.460 [main] INFO  o.a.catalina.core.StandardEngine - Starting Servlet engine: [Apache Tomcat/10.1.13]
14:29:41.644 [main] INFO  o.a.c.c.C.[Tomcat].[localhost].[/] - Initializing Spring embedded WebApplicationContext
14:29:41.645 [main] INFO  o.s.b.w.s.c.ServletWebServerApplicationContext - Root WebApplicationContext: initialization completed in 2459 ms
14:29:41.903 [main] INFO  o.h.jpa.internal.util.LogHelper - HHH000204: Processing PersistenceUnitInfo [name: default]
14:29:42.005 [main] INFO  org.hibernate.Version - HHH000412: Hibernate ORM core version 6.2.9.Final
14:29:42.009 [main] INFO  org.hibernate.cfg.Environment - HHH000406: Using bytecode reflection optimizer
14:29:42.263 [main] INFO  o.h.b.i.BytecodeProviderInitiator - HHH000021: Bytecode provider name : bytebuddy
14:29:42.478 [main] INFO  o.s.o.j.p.SpringPersistenceUnitInfo - No LoadTimeWeaver setup: ignoring JPA class transformer
14:29:42.512 [main] INFO  com.zaxxer.hikari.HikariDataSource - HikariPool-1 - Starting...
14:29:42.702 [main] INFO  com.zaxxer.hikari.pool.HikariPool - HikariPool-1 - Added connection com.mysql.cj.jdbc.ConnectionImpl@3d02ff64
14:29:42.705 [main] INFO  com.zaxxer.hikari.HikariDataSource - HikariPool-1 - Start completed.
14:29:42.744 [main] WARN  org.hibernate.orm.deprecation - HHH90000026: MySQL8Dialect has been deprecated; use org.hibernate.dialect.MySQLDialect instead
14:29:43.067 [main] INFO  o.h.b.i.BytecodeProviderInitiator - HHH000021: Bytecode provider name : bytebuddy
14:29:44.341 [main] INFO  o.h.e.t.j.p.i.JtaPlatformInitiator - HHH000490: Using JtaPlatform implementation: [org.hibernate.engine.transaction.jta.platform.internal.NoJtaPlatform]
14:29:44.463 [main] INFO  o.s.o.j.LocalContainerEntityManagerFactoryBean - Initialized JPA EntityManagerFactory for persistence unit 'default'
14:29:45.179 [main] WARN  o.s.b.a.o.j.JpaBaseConfiguration$JpaWebConfiguration - spring.jpa.open-in-view is enabled by default. Therefore, database queries may be performed during view rendering. Explicitly configure spring.jpa.open-in-view to disable this warning
14:29:45.299 [main] INFO  o.s.c.o.FeignClientFactoryBean - For 'shoppingcart-service' URL not provided. Will try picking an instance via load-balancing.
14:29:45.401 [main] INFO  o.s.c.o.FeignClientFactoryBean - For 'wishlist-service' URL not provided. Will try picking an instance via load-balancing.
14:29:47.461 [main] INFO  o.s.cloud.commons.util.InetUtils - Cannot determine local hostname
14:29:47.496 [main] INFO  o.s.c.n.e.c.DiscoveryClientOptionalArgsConfiguration - Eureka HTTP Client uses RestTemplate.
14:29:49.040 [main] INFO  o.s.cloud.commons.util.InetUtils - Cannot determine local hostname
14:29:49.084 [main] WARN  o.s.c.l.c.LoadBalancerCacheAutoConfiguration$LoadBalancerCaffeineWarnLogger - Spring Cloud LoadBalancer is currently working with the default cache. While this cache implementation is useful for development and tests, it's recommended to use Caffeine cache in production.You can switch to using Caffeine cache, by adding it and org.springframework.cache.caffeine.CaffeineCacheManager to the classpath.
14:29:49.147 [main] INFO  o.s.c.n.eureka.InstanceInfoFactory - Setting initial instance status as: STARTING
14:29:49.224 [main] INFO  c.netflix.discovery.DiscoveryClient - Initializing Eureka in region us-east-1
14:29:49.233 [main] INFO  c.n.d.s.r.aws.ConfigClusterResolver - Resolving eureka endpoints via configuration
14:29:49.279 [main] INFO  c.netflix.discovery.DiscoveryClient - Disable delta property : false
14:29:49.279 [main] INFO  c.netflix.discovery.DiscoveryClient - Single vip registry refresh property : null
14:29:49.279 [main] INFO  c.netflix.discovery.DiscoveryClient - Force full registry fetch : false
14:29:49.279 [main] INFO  c.netflix.discovery.DiscoveryClient - Application is null : false
14:29:49.279 [main] INFO  c.netflix.discovery.DiscoveryClient - Registered Applications size is zero : true
14:29:49.279 [main] INFO  c.netflix.discovery.DiscoveryClient - Application version is -1: true
14:29:49.279 [main] INFO  c.netflix.discovery.DiscoveryClient - Getting all instance registry info from the eureka server
14:29:49.714 [main] INFO  c.netflix.discovery.DiscoveryClient - The response status is 200
14:29:49.721 [main] INFO  c.netflix.discovery.DiscoveryClient - Starting heartbeat executor: renew interval is: 30
14:29:49.730 [main] INFO  c.n.discovery.InstanceInfoReplicator - InstanceInfoReplicator onDemand update allowed rate per min is 4
14:29:49.742 [main] INFO  c.netflix.discovery.DiscoveryClient - Discovery Client initialized at timestamp 1725452989742 with initial instances count: 5
14:29:49.745 [main] INFO  o.s.c.n.e.s.EurekaServiceRegistry - Registering application USER-SERVICE with eureka with status UP
14:29:49.746 [main] INFO  c.netflix.discovery.DiscoveryClient - Saw local status change event StatusChangeEvent [timestamp=1725452989746, current=UP, previous=STARTING]
14:29:49.748 [main] INFO  o.a.coyote.http11.Http11NioProtocol - Starting ProtocolHandler ["http-nio-8084"]
14:29:49.748 [DiscoveryClient-InstanceInfoReplicator-0] INFO  c.netflix.discovery.DiscoveryClient - DiscoveryClient_USER-SERVICE/localhost:user-service:8084: registering service...
14:29:49.777 [main] INFO  o.s.b.w.e.tomcat.TomcatWebServer - Tomcat started on port(s): 8084 (http) with context path ''
14:29:49.778 [main] INFO  o.s.c.n.e.s.EurekaAutoServiceRegistration - Updating port to 8084
14:29:49.798 [DiscoveryClient-InstanceInfoReplicator-0] INFO  c.netflix.discovery.DiscoveryClient - DiscoveryClient_USER-SERVICE/localhost:user-service:8084 - registration status: 204
14:29:51.300 [main] INFO  o.s.cloud.commons.util.InetUtils - Cannot determine local hostname
14:29:51.310 [main] INFO  b.p.services.UserServiceApplication - Started UserServiceApplication in 15.537 seconds (process running for 17.671)
14:29:51.310 [main] INFO  b.p.services.UserServiceApplication - Started UserServiceApplication in 15.537 seconds (process running for 17.671)
14:31:39.367 [http-nio-8084-exec-1] INFO  o.a.c.c.C.[Tomcat].[localhost].[/] - Initializing Spring DispatcherServlet 'dispatcherServlet'
14:31:39.368 [http-nio-8084-exec-1] INFO  o.s.web.servlet.DispatcherServlet - Initializing Servlet 'dispatcherServlet'
14:31:39.369 [http-nio-8084-exec-1] INFO  o.s.web.servlet.DispatcherServlet - Completed initialization in 1 ms
14:34:49.286 [AsyncResolver-bootstrap-executor-0] INFO  c.n.d.s.r.aws.ConfigClusterResolver - Resolving eureka endpoints via configuration
